[debug] [2020-09-22T03:41:54.671Z] ----------------------------------------------------------------------
[debug] [2020-09-22T03:41:54.674Z] Command:       C:\Program Files\nodejs\node.exe C:\Users\Mrfam\AppData\Roaming\npm\node_modules\firebase-tools\lib\bin\firebase.js emulators:start --only functions
[debug] [2020-09-22T03:41:54.675Z] CLI Version:   8.10.0
[debug] [2020-09-22T03:41:54.675Z] Platform:      win32
[debug] [2020-09-22T03:41:54.675Z] Node Version:  v12.18.4
[debug] [2020-09-22T03:41:54.676Z] Time:          Tue Sep 22 2020 09:11:54 GMT+0530 (India Standard Time)
[debug] [2020-09-22T03:41:54.677Z] ----------------------------------------------------------------------
[debug] [2020-09-22T03:41:54.677Z] 
[debug] [2020-09-22T03:41:54.689Z] > command requires scopes: ["email","openid","https://www.googleapis.com/auth/cloudplatformprojects.readonly","https://www.googleapis.com/auth/firebase","https://www.googleapis.com/auth/cloud-platform"]
[debug] [2020-09-22T03:41:54.690Z] > authorizing via signed-in user
[info] i  emulators: Starting emulators: functions {"metadata":{"emulator":{"name":"hub"},"message":"Starting emulators: functions"}}
[debug] [2020-09-22T03:41:56.763Z] [hub] writing locator at C:\Users\Mrfam\AppData\Local\Temp\hub-geeksfortech-286913.json
[warn] !  functions: The following emulators are not running, calls to these services from the Functions emulator will affect production: firestore, database, hosting, pubsub {"metadata":{"emulator":{"name":"functions"},"message":"The following emulators are not running, calls to these services from the Functions emulator will affect production: \u001b[1mfirestore, database, hosting, pubsub\u001b[22m"}}
[info] +  functions: Using node@12 from host. {"metadata":{"emulator":{"name":"functions"},"message":"Using node@12 from host."}}
[debug] [2020-09-22T03:41:58.851Z] defaultcredentials: writing to file C:\Users\Mrfam\AppData\Roaming\firebase\geeksfortech456_gmail_com_application_default_credentials.json
[debug] [2020-09-22T03:41:58.940Z] Setting GAC to C:\Users\Mrfam\AppData\Roaming\firebase\geeksfortech456_gmail_com_application_default_credentials.json {"metadata":{"emulator":{"name":"functions"},"message":"Setting GAC to C:\\Users\\Mrfam\\AppData\\Roaming\\firebase\\geeksfortech456_gmail_com_application_default_credentials.json"}}
[debug] [2020-09-22T03:42:03.057Z] Ignoring unsupported arg: auto_download {"metadata":{"emulator":{"name":"ui"},"message":"Ignoring unsupported arg: auto_download"}}
[debug] [2020-09-22T03:42:03.057Z] Ignoring unsupported arg: port {"metadata":{"emulator":{"name":"ui"},"message":"Ignoring unsupported arg: port"}}
[debug] [2020-09-22T03:42:03.058Z] Starting Emulator UI with command {"binary":"node","args":["C:\\Users\\Mrfam\\.cache\\firebase\\emulators\\ui-v1.1.1\\server.bundle.js"],"optionalArgs":[],"joinArgs":false} {"metadata":{"emulator":{"name":"ui"},"message":"Starting Emulator UI with command {\"binary\":\"node\",\"args\":[\"C:\\\\Users\\\\Mrfam\\\\.cache\\\\firebase\\\\emulators\\\\ui-v1.1.1\\\\server.bundle.js\"],\"optionalArgs\":[],\"joinArgs\":false}"}}
[info] i  ui: Emulator UI logging to ui-debug.log {"metadata":{"emulator":{"name":"ui"},"message":"Emulator UI logging to \u001b[1mui-debug.log\u001b[22m"}}
[debug] [2020-09-22T03:42:03.303Z] Web / API server started at http://localhost:4000
 {"metadata":{"emulator":{"name":"ui"},"message":"Web / API server started at http://localhost:4000\n"}}
[info] i  functions: Watching "E:\Smart-Attendance\Smart-Attendance-Frontend\functions" for Cloud Functions... {"metadata":{"emulator":{"name":"functions"},"message":"Watching \"E:\\Smart-Attendance\\Smart-Attendance-Frontend\\functions\" for Cloud Functions..."}}
[debug] [2020-09-22T03:42:03.613Z] [worker-pool] addWorker(~diagnostic~) {"metadata":{"emulator":{"name":"functions"},"message":"[worker-pool] addWorker(~diagnostic~)"}}
[debug] [2020-09-22T03:42:03.614Z] [worker-pool] Adding worker with key ~diagnostic~, total=1 {"metadata":{"emulator":{"name":"functions"},"message":"[worker-pool] Adding worker with key ~diagnostic~, total=1"}}
[debug] [2020-09-22T03:42:03.614Z] [worker-pool] submitWork(triggerId=) {"metadata":{"emulator":{"name":"functions"},"message":"[worker-pool] submitWork(triggerId=)"}}
[debug] [2020-09-22T03:42:03.615Z] [worker-~diagnostic~-cd3a2b2f-9075-4e72-9c13-d9c0fcea791e]: Assigning socketPath: \\?\pipe\E:\Smart-Attendance\Smart-Attendance-Frontend\functions\10204 {"metadata":{"emulator":{"name":"functions"},"message":"[worker-~diagnostic~-cd3a2b2f-9075-4e72-9c13-d9c0fcea791e]: Assigning socketPath: \\\\?\\pipe\\E:\\Smart-Attendance\\Smart-Attendance-Frontend\\functions\\10204"}}
[debug] [2020-09-22T03:42:03.616Z] [worker-~diagnostic~-cd3a2b2f-9075-4e72-9c13-d9c0fcea791e]: BUSY {"metadata":{"emulator":{"name":"functions"},"message":"[worker-~diagnostic~-cd3a2b2f-9075-4e72-9c13-d9c0fcea791e]: BUSY"}}
[debug] [2020-09-22T03:42:04.352Z] [runtime-status] [10204] Functions runtime initialized. {"cwd":"E:\\Smart-Attendance\\Smart-Attendance-Frontend\\functions","node_version":"12.18.4"} {"metadata":{"emulator":{"name":"functions"},"message":"[runtime-status] [10204] Functions runtime initialized. {\"cwd\":\"E:\\\\Smart-Attendance\\\\Smart-Attendance-Frontend\\\\functions\",\"node_version\":\"12.18.4\"}"}}
[debug] [2020-09-22T03:42:04.359Z] [runtime-status] [10204] Disabled runtime features: undefined {"metadata":{"emulator":{"name":"functions"},"message":"[runtime-status] [10204] Disabled runtime features: undefined"}}
[debug] [2020-09-22T03:42:04.365Z] [runtime-status] [10204] Resolved module firebase-admin {"declared":true,"installed":true,"version":"8.13.0","resolution":"E:\\Smart-Attendance\\Smart-Attendance-Frontend\\functions\\node_modules\\firebase-admin\\lib\\index.js"} {"metadata":{"emulator":{"name":"functions"},"message":"[runtime-status] [10204] Resolved module firebase-admin {\"declared\":true,\"installed\":true,\"version\":\"8.13.0\",\"resolution\":\"E:\\\\Smart-Attendance\\\\Smart-Attendance-Frontend\\\\functions\\\\node_modules\\\\firebase-admin\\\\lib\\\\index.js\"}"}}
[debug] [2020-09-22T03:42:04.374Z] [runtime-status] [10204] Resolved module firebase-functions {"declared":true,"installed":true,"version":"3.11.0","resolution":"E:\\Smart-Attendance\\Smart-Attendance-Frontend\\functions\\node_modules\\firebase-functions\\lib\\index.js"} {"metadata":{"emulator":{"name":"functions"},"message":"[runtime-status] [10204] Resolved module firebase-functions {\"declared\":true,\"installed\":true,\"version\":\"3.11.0\",\"resolution\":\"E:\\\\Smart-Attendance\\\\Smart-Attendance-Frontend\\\\functions\\\\node_modules\\\\firebase-functions\\\\lib\\\\index.js\"}"}}
[debug] [2020-09-22T03:42:04.375Z] [runtime-status] [10204] Resolved module firebase-functions {"declared":true,"installed":true,"version":"3.11.0","resolution":"E:\\Smart-Attendance\\Smart-Attendance-Frontend\\functions\\node_modules\\firebase-functions\\lib\\index.js"} {"metadata":{"emulator":{"name":"functions"},"message":"[runtime-status] [10204] Resolved module firebase-functions {\"declared\":true,\"installed\":true,\"version\":\"3.11.0\",\"resolution\":\"E:\\\\Smart-Attendance\\\\Smart-Attendance-Frontend\\\\functions\\\\node_modules\\\\firebase-functions\\\\lib\\\\index.js\"}"}}
[debug] [2020-09-22T03:42:04.377Z] [runtime-status] [10204] Outgoing network have been stubbed. [{"name":"http","status":"mocked"},{"name":"http","status":"mocked"},{"name":"https","status":"mocked"},{"name":"https","status":"mocked"},{"name":"net","status":"mocked"}] {"metadata":{"emulator":{"name":"functions"},"message":"[runtime-status] [10204] Outgoing network have been stubbed. [{\"name\":\"http\",\"status\":\"mocked\"},{\"name\":\"http\",\"status\":\"mocked\"},{\"name\":\"https\",\"status\":\"mocked\"},{\"name\":\"https\",\"status\":\"mocked\"},{\"name\":\"net\",\"status\":\"mocked\"}]"}}
[debug] [2020-09-22T03:42:04.378Z] [runtime-status] [10204] Resolved module firebase-functions {"declared":true,"installed":true,"version":"3.11.0","resolution":"E:\\Smart-Attendance\\Smart-Attendance-Frontend\\functions\\node_modules\\firebase-functions\\lib\\index.js"} {"metadata":{"emulator":{"name":"functions"},"message":"[runtime-status] [10204] Resolved module firebase-functions {\"declared\":true,\"installed\":true,\"version\":\"3.11.0\",\"resolution\":\"E:\\\\Smart-Attendance\\\\Smart-Attendance-Frontend\\\\functions\\\\node_modules\\\\firebase-functions\\\\lib\\\\index.js\"}"}}
[debug] [2020-09-22T03:42:05.003Z] [runtime-status] [10204] Checked functions.config() {"config":{}} {"metadata":{"emulator":{"name":"functions"},"message":"[runtime-status] [10204] Checked functions.config() {\"config\":{}}"}}
[debug] [2020-09-22T03:42:05.004Z] [runtime-status] [10204] firebase-functions has been stubbed. {"functionsResolution":{"declared":true,"installed":true,"version":"3.11.0","resolution":"E:\\Smart-Attendance\\Smart-Attendance-Frontend\\functions\\node_modules\\firebase-functions\\lib\\index.js"}} {"metadata":{"emulator":{"name":"functions"},"message":"[runtime-status] [10204] firebase-functions has been stubbed. {\"functionsResolution\":{\"declared\":true,\"installed\":true,\"version\":\"3.11.0\",\"resolution\":\"E:\\\\Smart-Attendance\\\\Smart-Attendance-Frontend\\\\functions\\\\node_modules\\\\firebase-functions\\\\lib\\\\index.js\"}}"}}
[debug] [2020-09-22T03:42:05.004Z] [runtime-status] [10204] Resolved module firebase-functions {"declared":true,"installed":true,"version":"3.11.0","resolution":"E:\\Smart-Attendance\\Smart-Attendance-Frontend\\functions\\node_modules\\firebase-functions\\lib\\index.js"} {"metadata":{"emulator":{"name":"functions"},"message":"[runtime-status] [10204] Resolved module firebase-functions {\"declared\":true,\"installed\":true,\"version\":\"3.11.0\",\"resolution\":\"E:\\\\Smart-Attendance\\\\Smart-Attendance-Frontend\\\\functions\\\\node_modules\\\\firebase-functions\\\\lib\\\\index.js\"}"}}
[debug] [2020-09-22T03:42:05.006Z] [runtime-status] [10204] Resolved module firebase-admin {"declared":true,"installed":true,"version":"8.13.0","resolution":"E:\\Smart-Attendance\\Smart-Attendance-Frontend\\functions\\node_modules\\firebase-admin\\lib\\index.js"} {"metadata":{"emulator":{"name":"functions"},"message":"[runtime-status] [10204] Resolved module firebase-admin {\"declared\":true,\"installed\":true,\"version\":\"8.13.0\",\"resolution\":\"E:\\\\Smart-Attendance\\\\Smart-Attendance-Frontend\\\\functions\\\\node_modules\\\\firebase-admin\\\\lib\\\\index.js\"}"}}
[debug] [2020-09-22T03:42:05.008Z] [runtime-status] [10204] Resolved module firebase-functions {"declared":true,"installed":true,"version":"3.11.0","resolution":"E:\\Smart-Attendance\\Smart-Attendance-Frontend\\functions\\node_modules\\firebase-functions\\lib\\index.js"} {"metadata":{"emulator":{"name":"functions"},"message":"[runtime-status] [10204] Resolved module firebase-functions {\"declared\":true,\"installed\":true,\"version\":\"3.11.0\",\"resolution\":\"E:\\\\Smart-Attendance\\\\Smart-Attendance-Frontend\\\\functions\\\\node_modules\\\\firebase-functions\\\\lib\\\\index.js\"}"}}
[debug] [2020-09-22T03:42:05.008Z] [runtime-status] [10204] firebase-admin has been stubbed. {"adminResolution":{"declared":true,"installed":true,"version":"8.13.0","resolution":"E:\\Smart-Attendance\\Smart-Attendance-Frontend\\functions\\node_modules\\firebase-admin\\lib\\index.js"}} {"metadata":{"emulator":{"name":"functions"},"message":"[runtime-status] [10204] firebase-admin has been stubbed. {\"adminResolution\":{\"declared\":true,\"installed\":true,\"version\":\"8.13.0\",\"resolution\":\"E:\\\\Smart-Attendance\\\\Smart-Attendance-Frontend\\\\functions\\\\node_modules\\\\firebase-admin\\\\lib\\\\index.js\"}}"}}
